0 info it worked if it ends with ok
1 verbose cli [ 'c:\\Program Files\\nodejs\\node.exe',
1 verbose cli   'c:\\Program Files\\nodejs\\node_modules\\npm\\bin\\npm-cli.js',
1 verbose cli   'run',
1 verbose cli   'lessc' ]
2 info using npm@3.10.8
3 info using node@v7.0.0
4 verbose run-script [ 'prelessc', 'lessc', 'postlessc' ]
5 info lifecycle tdsoft_aion@1.0.0~prelessc: tdsoft_aion@1.0.0
6 silly lifecycle tdsoft_aion@1.0.0~prelessc: no script for prelessc, continuing
7 info lifecycle tdsoft_aion@1.0.0~lessc: tdsoft_aion@1.0.0
8 verbose lifecycle tdsoft_aion@1.0.0~lessc: unsafe-perm in lifecycle true
9 verbose lifecycle tdsoft_aion@1.0.0~lessc: PATH: c:\Program Files\nodejs\node_modules\npm\bin\node-gyp-bin;C:\wamp64\www\tdsoft_phanes\wp_content\themes\base_theme\src\node_modules\.bin;C:\Program Files\ConEmu\ConEmu\Scripts;C:\Program Files\ConEmu;C:\Program Files\ConEmu\ConEmu;c:\program files (x86)\intel\icls client\;c:\program files\intel\icls client\;c:\windows\system32;c:\windows;c:\windows\system32\wbem;c:\windows\system32\windowspowershell\v1.0\;c:\program files (x86)\intel\intel(r) management engine components\dal;c:\program files\intel\intel(r) management engine components\dal;c:\program files (x86)\intel\intel(r) management engine components\ipt;c:\program files\intel\intel(r) management engine components\ipt;c:\program files (x86)\brackets\command;c:\program files\nodejs\;c:\program files (x86)\winscp\;c:\program files (x86)\skype\phone\;C:\Program Files (x86)\NVIDIA Corporation\PhysX\Common;C:\Users\Aardvark\AppData\Roaming\npm
10 verbose lifecycle tdsoft_aion@1.0.0~lessc: CWD: C:\wamp64\www\tdsoft_phanes\wp_content\themes\base_theme\src
11 silly lifecycle tdsoft_aion@1.0.0~lessc: Args: [ '/d /s /c', 'lessc' ]
12 silly lifecycle tdsoft_aion@1.0.0~lessc: Returned: code: 1  signal: null
13 info lifecycle tdsoft_aion@1.0.0~lessc: Failed to exec lessc script
14 verbose stack Error: tdsoft_aion@1.0.0 lessc: `lessc`
14 verbose stack Exit status 1
14 verbose stack     at EventEmitter.<anonymous> (c:\Program Files\nodejs\node_modules\npm\lib\utils\lifecycle.js:255:16)
14 verbose stack     at emitTwo (events.js:106:13)
14 verbose stack     at EventEmitter.emit (events.js:191:7)
14 verbose stack     at ChildProcess.<anonymous> (c:\Program Files\nodejs\node_modules\npm\lib\utils\spawn.js:40:14)
14 verbose stack     at emitTwo (events.js:106:13)
14 verbose stack     at ChildProcess.emit (events.js:191:7)
14 verbose stack     at maybeClose (internal/child_process.js:877:16)
14 verbose stack     at Process.ChildProcess._handle.onexit (internal/child_process.js:226:5)
15 verbose pkgid tdsoft_aion@1.0.0
16 verbose cwd C:\wamp64\www\tdsoft_phanes\wp_content\themes\base_theme\src
17 error Windows_NT 6.1.7601
18 error argv "c:\\Program Files\\nodejs\\node.exe" "c:\\Program Files\\nodejs\\node_modules\\npm\\bin\\npm-cli.js" "run" "lessc"
19 error node v7.0.0
20 error npm  v3.10.8
21 error code ELIFECYCLE
22 error tdsoft_aion@1.0.0 lessc: `lessc`
22 error Exit status 1
23 error Failed at the tdsoft_aion@1.0.0 lessc script 'lessc'.
23 error Make sure you have the latest version of node.js and npm installed.
23 error If you do, this is most likely a problem with the tdsoft_aion package,
23 error not with npm itself.
23 error Tell the author that this fails on your system:
23 error     lessc
23 error You can get information on how to open an issue for this project with:
23 error     npm bugs tdsoft_aion
23 error Or if that isn't available, you can get their info via:
23 error     npm owner ls tdsoft_aion
23 error There is likely additional logging output above.
24 verbose exit [ 1, true ]
